# StreamVersion 1.2
ExposeEvent 0 959 0 0 0 0 0
RenderEvent 0 959 0 0 0 0 0
LeftButtonPressEvent 434 672 0 0 0 0 0
StartInteractionEvent 434 672 0 0 0 0 0
MouseMoveEvent 434 672 0 0 0 0 0
RenderEvent 434 672 0 0 0 0 0
InteractionEvent 434 672 0 0 0 0 0
MouseMoveEvent 434 668 0 0 0 0 0
RenderEvent 434 668 0 0 0 0 0
InteractionEvent 434 668 0 0 0 0 0
MouseMoveEvent 434 663 0 0 0 0 0
RenderEvent 434 663 0 0 0 0 0
InteractionEvent 434 663 0 0 0 0 0
MouseMoveEvent 434 654 0 0 0 0 0
RenderEvent 434 654 0 0 0 0 0
InteractionEvent 434 654 0 0 0 0 0
MouseMoveEvent 434 635 0 0 0 0 0
RenderEvent 434 635 0 0 0 0 0
InteractionEvent 434 635 0 0 0 0 0
MouseMoveEvent 434 614 0 0 0 0 0
RenderEvent 434 614 0 0 0 0 0
InteractionEvent 434 614 0 0 0 0 0
MouseMoveEvent 434 591 0 0 0 0 0
RenderEvent 434 591 0 0 0 0 0
InteractionEvent 434 591 0 0 0 0 0
MouseMoveEvent 434 573 0 0 0 0 0
RenderEvent 434 573 0 0 0 0 0
InteractionEvent 434 573 0 0 0 0 0
MouseMoveEvent 434 550 0 0 0 0 0
RenderEvent 434 550 0 0 0 0 0
InteractionEvent 434 550 0 0 0 0 0
MouseMoveEvent 434 535 0 0 0 0 0
RenderEvent 434 535 0 0 0 0 0
InteractionEvent 434 535 0 0 0 0 0
MouseMoveEvent 432 525 0 0 0 0 0
RenderEvent 432 525 0 0 0 0 0
InteractionEvent 432 525 0 0 0 0 0
MouseMoveEvent 431 518 0 0 0 0 0
RenderEvent 431 518 0 0 0 0 0
InteractionEvent 431 518 0 0 0 0 0
MouseMoveEvent 431 515 0 0 0 0 0
RenderEvent 431 515 0 0 0 0 0
InteractionEvent 431 515 0 0 0 0 0
MouseMoveEvent 431 517 0 0 0 0 0
RenderEvent 431 517 0 0 0 0 0
InteractionEvent 431 517 0 0 0 0 0
MouseMoveEvent 436 526 0 0 0 0 0
RenderEvent 436 526 0 0 0 0 0
InteractionEvent 436 526 0 0 0 0 0
MouseMoveEvent 443 540 0 0 0 0 0
RenderEvent 443 540 0 0 0 0 0
InteractionEvent 443 540 0 0 0 0 0
MouseMoveEvent 457 570 0 0 0 0 0
RenderEvent 457 570 0 0 0 0 0
InteractionEvent 457 570 0 0 0 0 0
MouseMoveEvent 469 597 0 0 0 0 0
RenderEvent 469 597 0 0 0 0 0
InteractionEvent 469 597 0 0 0 0 0
MouseMoveEvent 476 618 0 0 0 0 0
RenderEvent 476 618 0 0 0 0 0
InteractionEvent 476 618 0 0 0 0 0
MouseMoveEvent 479 629 0 0 0 0 0
RenderEvent 479 629 0 0 0 0 0
InteractionEvent 479 629 0 0 0 0 0
MouseMoveEvent 482 637 0 0 0 0 0
RenderEvent 482 637 0 0 0 0 0
InteractionEvent 482 637 0 0 0 0 0
MouseMoveEvent 482 639 0 0 0 0 0
RenderEvent 482 639 0 0 0 0 0
InteractionEvent 482 639 0 0 0 0 0
MouseMoveEvent 483 640 0 0 0 0 0
RenderEvent 483 640 0 0 0 0 0
InteractionEvent 483 640 0 0 0 0 0
LeftButtonReleaseEvent 483 640 0 0 0 0 0
EndInteractionEvent 483 640 0 0 0 0 0
RenderEvent 483 640 0 0 0 0 0
